<testsuite name="productos.Gestión de productos" tests="4" errors="1" failures="1" skipped="0" time="26.439592" timestamp="2025-10-17T00:44:55.570200" hostname="Anette"><testcase classname="productos.Gestión de productos" name="Agregar producto nuevo al catálogo" status="error" time="10.898083"><error type="TimeoutException" message="Message:">
<![CDATA[
Failing step: Given un administrador autenticado ... error in 10.898s
Location: features/productos.feature:6
Traceback (most recent call last):
  File "C:\Users\Sumir\source\repos\ferremas\venv\Lib\site-packages\behave\model.py", line 1909, in run
    match.run(runner.context)
  File "C:\Users\Sumir\source\repos\ferremas\venv\Lib\site-packages\behave\matchers.py", line 104, in run
    self.func(context, *args, **kwargs)
  File "features\steps\steps_productos.py", line 27, in step_impl
    btn = context.wait.until(
          ^^^^^^^^^^^^^^^^^^^
  File "C:\Users\Sumir\source\repos\ferremas\venv\Lib\site-packages\selenium\webdriver\support\wait.py", line 138, in until
    raise TimeoutException(message, screen, stacktrace)
selenium.common.exceptions.TimeoutException: Message: 


Captured stdout:
 Error en login de admin: Message: 

  URL actual: http://localhost:8000/login/
  Página contiene:
  <html lang="es"><head>
    <meta charset="UTF-8">
    <meta name="viewport" content="width=device-width, initial-scale=1.0">
    <title>Inicio de sesión</title>

    <link href="https://fonts.googleapis.com/css2?family=Poppins:wght@400;500;600&amp;display=swap" rel="stylesheet">
    <!-- Bootstrap -]]>
</error><system-out>
<![CDATA[
@scenario.begin
  Scenario: Agregar producto nuevo al catálogo
    Given existe un servidor de pruebas ... passed in 0.000s
    Given un administrador autenticado ... error in 10.898s
    When creo un nuevo producto con todos los campos obligatorios ... skipped in 0.000s
    Then el producto debe aparecer en el catálogo ... skipped in 0.000s

@scenario.end
--------------------------------------------------------------------------------

Captured stdout:
 Error en login de admin: Message: 

  URL actual: http://localhost:8000/login/
  Página contiene:
  <html lang="es"><head>
    <meta charset="UTF-8">
    <meta name="viewport" content="width=device-width, initial-scale=1.0">
    <title>Inicio de sesión</title>

    <link href="https://fonts.googleapis.com/css2?family=Poppins:wght@400;500;600&amp;display=swap" rel="stylesheet">
    <!-- Bootstrap -

]]>
</system-out></testcase><testcase classname="productos.Gestión de productos" name="Modificar producto existente" status="passed" time="2.307221"><system-out>
<![CDATA[
@scenario.begin
  Scenario: Modificar producto existente
    Given existe un servidor de pruebas ... passed in 0.000s
    Given existe un producto con nombre "Taladro" en el catálogo ... passed in 0.089s
    When modifico el producto "Taladro" cambiando el precio a "19990" ... passed in 1.138s
    Then los cambios deben guardarse en la base de datos ... passed in 1.080s

@scenario.end
--------------------------------------------------------------------------------

Captured stdout:
Error modificando producto: Message: element click intercepted: Element is not clickable at point (1063, 2542)
  (Session info: chrome=141.0.7390.108); For documentation on this error, please visit: https://www.selenium.dev/documentation/webdriver/troubleshooting/errors#elementclickinterceptedexception
Stacktrace:
	GetHandleVerifier [0x0x7ff7faafe9e5+80021]
	GetHandleVerifier [0x0x7ff7faafea40+80112]
	(No symbol) [0x0x7ff7fa88060f]
	(No symbol) [0x0x7ff7fa8e0a39]
	(No symbol) [0x0x7ff7fa8de3be]
	(No symbol) [0x0x7ff7fa8db2e1]
	(No symbol) [0x0x7ff7fa8da1a0]
	(No symbol) [0x0x7ff7fa8cb7c8]
	(No symbol) [0x0x7ff7fa90122a]
	(No symbol) [0x0x7ff7fa8cb056]
	(No symbol) [0x0x7ff7fa901440]
	(No symbol) [0x0x7ff7fa92968a]
	(No symbol) [0x0x7ff7fa901003]
	(No symbol) [0x0x7ff7fa8c95d1]
	(No symbol) [0x0x7ff7fa8ca3f3]
	GetHandleVerifier [0x0x7ff7fadbdd8d+2960445]
	GetHandleVerifier [0x0x7ff7fadb804a+2936570]
	GetHandleVerifier [0x0x7ff7fadd8a87+3070263]
	GetHandleVerifier [0x0x7ff7fab184ce+185214]
	GetHandleVerifier [0x0x7ff7fab1ff1f+216527]
	GetHandleVerifier [0x0x7ff7fab07c24+117460]
	GetHandleVerifier [0x0x7ff7fab07ddf+117903]
	GetHandleVerifier [0x0x7ff7faaedcb8+11112]
	BaseThreadInitThunk [0x0x7ffc84c6259d+29]
	RtlUserThreadStart [0x0x7ffc8672af38+40]

 Producto 'Taladro' encontrado en el catálogo después de modificación

]]>
</system-out></testcase><testcase classname="productos.Gestión de productos" name="Eliminar producto del sistema" status="failed" time="10.963632"><failure type="AssertionError" message="ERROR SUB-STEP: Given un administrador autenticado&#10;Substep info: Traceback (most recent call last):&#10;  File &quot;C:\Users\Sumir\source\repos\ferremas\venv\Lib\site-packages\behave\model.py&quot;, line 1909, in run&#10;    match.run(runner.context)&#10;  File &quot;C:\Users\Sumir\source\repos\ferremas\venv\Lib\site-packages\behave\matchers.py&quot;, line 104, in run&#10;    self.func(context, *args, **kwargs)&#10;  File &quot;features\steps\steps_productos.py&quot;, line 27, in step_impl&#10;    btn = context.wait.until(&#10;          ^^^^^^^^^^^^^^^^^^^&#10;  File &quot;C:\Users\Sumir\source\repos\ferremas\venv\Lib\site-packages\selenium\webdriver\support\wait.py&quot;, line 138, in until&#10;    raise TimeoutException(message, screen, stacktrace)&#10;selenium.common.exceptions.TimeoutException: Message: &#10;&#10;&#10;Traceback (of failed substep):&#10;  File &quot;C:\Users\Sumir\source\repos\ferremas\venv\Lib\site-packages\behave\model.py&quot;, line 1909, in run&#10;    match.run(runner.context)&#10;  File &quot;C:\Users\Sumir\source\repos\ferremas\venv\Lib\site-packages\behave\matchers.py&quot;, line 104, in run&#10;    self.func(context, *args, **kwargs)&#10;  File &quot;features\steps\steps_productos.py&quot;, line 27, in step_impl&#10;    btn = context.wait.until(&#10;          ^^^^^^^^^^^^^^^^^^^&#10;  File &quot;C:\Users\Sumir\source\repos\ferremas\venv\Lib\site-packages\selenium\webdriver\support\wait.py&quot;, line 138, in until&#10;    raise TimeoutException(message, screen, stacktrace)">
<![CDATA[
Failing step: When elimino el producto "Sierra" ... failed in 10.870s
Location: features/productos.feature:17
Assertion Failed: ERROR SUB-STEP: Given un administrador autenticado
Substep info: Traceback (most recent call last):
  File "C:\Users\Sumir\source\repos\ferremas\venv\Lib\site-packages\behave\model.py", line 1909, in run
    match.run(runner.context)
  File "C:\Users\Sumir\source\repos\ferremas\venv\Lib\site-packages\behave\matchers.py", line 104, in run
    self.func(context, *args, **kwargs)
  File "features\steps\steps_productos.py", line 27, in step_impl
    btn = context.wait.until(
          ^^^^^^^^^^^^^^^^^^^
  File "C:\Users\Sumir\source\repos\ferremas\venv\Lib\site-packages\selenium\webdriver\support\wait.py", line 138, in until
    raise TimeoutException(message, screen, stacktrace)
selenium.common.exceptions.TimeoutException: Message: 


Traceback (of failed substep):
  File "C:\Users\Sumir\source\repos\ferremas\venv\Lib\site-packages\behave\model.py", line 1909, in run
    match.run(runner.context)
  File "C:\Users\Sumir\source\repos\ferremas\venv\Lib\site-packages\behave\matchers.py", line 104, in run
    self.func(context, *args, **kwargs)
  File "features\steps\steps_productos.py", line 27, in step_impl
    btn = context.wait.until(
          ^^^^^^^^^^^^^^^^^^^
  File "C:\Users\Sumir\source\repos\ferremas\venv\Lib\site-packages\selenium\webdriver\support\wait.py", line 138, in until
    raise TimeoutException(message, screen, stacktrace)

Captured stdout:
 Error en login de admin: Message: 

  URL actual: http://localhost:8000/login/
  Página contiene:
  <html lang="es"><head>
    <meta charset="UTF-8">
    <meta name="viewport" content="width=device-width, initial-scale=1.0">
    <title>Inicio de sesión</title>

    <link href="https://fonts.googleapis.com/css2?family=Poppins:wght@400;500;600&amp;display=swap" rel="stylesheet">
    <!-- Bootstrap -]]>
</failure><system-out>
<![CDATA[
@scenario.begin
  Scenario: Eliminar producto del sistema
    Given existe un servidor de pruebas ... passed in 0.000s
    Given existe un producto con nombre "Sierra" en el catálogo ... passed in 0.093s
    When elimino el producto "Sierra" ... failed in 10.870s
    Then el producto no debe aparecer en el listado ... skipped in 0.000s

@scenario.end
--------------------------------------------------------------------------------

Captured stdout:
 Error en login de admin: Message: 

  URL actual: http://localhost:8000/login/
  Página contiene:
  <html lang="es"><head>
    <meta charset="UTF-8">
    <meta name="viewport" content="width=device-width, initial-scale=1.0">
    <title>Inicio de sesión</title>

    <link href="https://fonts.googleapis.com/css2?family=Poppins:wght@400;500;600&amp;display=swap" rel="stylesheet">
    <!-- Bootstrap -

]]>
</system-out></testcase><testcase classname="productos.Gestión de productos" name="Buscar producto por nombre o categoría" status="passed" time="2.270656"><system-out>
<![CDATA[
@scenario.begin
  Scenario: Buscar producto por nombre o categoría
    Given existe un servidor de pruebas ... passed in 0.000s
    Given en el catálogo existen productos en la categoría "Herramientas" ... passed in 0.095s
    When busco por nombre "Taladro" y categoría "Herramientas" ... passed in 2.168s
    Then debería ver resultados que coincidan con los criterios ... passed in 0.007s

@scenario.end
--------------------------------------------------------------------------------

Captured stdout:
Error en búsqueda: Message: no such element: Unable to locate element: {"method":"xpath","selector":"//button[@type='submit' and contains(., 'search')]"}
  (Session info: chrome=141.0.7390.108); For documentation on this error, please visit: https://www.selenium.dev/documentation/webdriver/troubleshooting/errors#nosuchelementexception
Stacktrace:
	GetHandleVerifier [0x0x7ff7faafe9e5+80021]
	GetHandleVerifier [0x0x7ff7faafea40+80112]
	(No symbol) [0x0x7ff7fa88060f]
	(No symbol) [0x0x7ff7fa8d8854]
	(No symbol) [0x0x7ff7fa8d8b1c]
	(No symbol) [0x0x7ff7fa92c927]
	(No symbol) [0x0x7ff7fa90126f]
	(No symbol) [0x0x7ff7fa92968a]
	(No symbol) [0x0x7ff7fa901003]
	(No symbol) [0x0x7ff7fa8c95d1]
	(No symbol) [0x0x7ff7fa8ca3f3]
	GetHandleVerifier [0x0x7ff7fadbdd8d+2960445]
	GetHandleVerifier [0x0x7ff7fadb804a+2936570]
	GetHandleVerifier [0x0x7ff7fadd8a87+3070263]
	GetHandleVerifier [0x0x7ff7fab184ce+185214]
	GetHandleVerifier [0x0x7ff7fab1ff1f+216527]
	GetHandleVerifier [0x0x7ff7fab07c24+117460]
	GetHandleVerifier [0x0x7ff7fab07ddf+117903]
	GetHandleVerifier [0x0x7ff7faaedcb8+11112]
	BaseThreadInitThunk [0x0x7ffc84c6259d+29]
	RtlUserThreadStart [0x0x7ffc8672af38+40]

Resultados encontrados para 'Taladro'

]]>
</system-out></testcase></testsuite>