<testsuite name="carrito_compra.Carrito y proceso de compra" tests="2" errors="0" failures="1" skipped="0" time="14.401409" timestamp="2025-10-17T00:44:07.405823" hostname="Anette"><testcase classname="carrito_compra.Carrito y proceso de compra" name="Agregar productos al carrito de compra" status="passed" time="3.581216"><system-out>
<![CDATA[
@scenario.begin
  Scenario: Agregar productos al carrito de compra
    Given existe un servidor de pruebas ... passed in 0.000s
    Given un usuario autenticado ... passed in 2.473s
    And en el catálogo existen al menos dos productos ... passed in 0.127s
    When agrego 2 productos diferentes al carrito ... passed in 0.853s
    Then el carrito debe mostrar ambos productos y el total correcto ... passed in 0.129s

@scenario.end
--------------------------------------------------------------------------------

Captured stdout:
Login intentado con: cliente@example.com
URL después del login: http://localhost:8000/
✓ Login exitoso, redirigido a: http://localhost:8000/

]]>
</system-out></testcase><testcase classname="carrito_compra.Carrito y proceso de compra" name="Realizar compra completa" status="failed" time="10.820193"><failure type="AssertionError" message="FAILED SUB-STEP: Given un usuario autenticado&#10;Substep info: Assertion Failed: ERROR SUB-STEP: When intento iniciar sesión con usuario y contraseña correctos&#10;Substep info: Traceback (most recent call last):&#10;  File &quot;C:\Users\Sumir\source\repos\ferremas\venv\Lib\site-packages\behave\model.py&quot;, line 1909, in run&#10;    match.run(runner.context)&#10;  File &quot;C:\Users\Sumir\source\repos\ferremas\venv\Lib\site-packages\behave\matchers.py&quot;, line 104, in run&#10;    self.func(context, *args, **kwargs)&#10;  File &quot;features\steps\steps_auth.py&quot;, line 50, in step_impl&#10;    btn = context.wait.until(&#10;          ^^^^^^^^^^^^^^^^^^^&#10;  File &quot;C:\Users\Sumir\source\repos\ferremas\venv\Lib\site-packages\selenium\webdriver\support\wait.py&quot;, line 138, in until&#10;    raise TimeoutException(message, screen, stacktrace)&#10;selenium.common.exceptions.TimeoutException: Message: &#10;&#10;&#10;Traceback (of failed substep):&#10;  File &quot;C:\Users\Sumir\source\repos\ferremas\venv\Lib\site-packages\behave\model.py&quot;, line 1909, in run&#10;    match.run(runner.context)&#10;  File &quot;C:\Users\Sumir\source\repos\ferremas\venv\Lib\site-packages\behave\matchers.py&quot;, line 104, in run&#10;    self.func(context, *args, **kwargs)&#10;  File &quot;features\steps\steps_auth.py&quot;, line 50, in step_impl&#10;    btn = context.wait.until(&#10;          ^^^^^^^^^^^^^^^^^^^&#10;  File &quot;C:\Users\Sumir\source\repos\ferremas\venv\Lib\site-packages\selenium\webdriver\support\wait.py&quot;, line 138, in until&#10;    raise TimeoutException(message, screen, stacktrace)&#10;&#10;Traceback (of failed substep):&#10;  File &quot;C:\Users\Sumir\source\repos\ferremas\venv\Lib\site-packages\behave\model.py&quot;, line 1909, in run&#10;    match.run(runner.context)&#10;  File &quot;C:\Users\Sumir\source\repos\ferremas\venv\Lib\site-packages\behave\matchers.py&quot;, line 104, in run&#10;    self.func(context, *args, **kwargs)&#10;  File &quot;features\steps\steps_carrito.py&quot;, line 10, in step_impl&#10;    context.execute_steps('''&#10;  File &quot;C:\Users\Sumir\source\repos\ferremas\venv\Lib\site-packages\behave\runner.py&quot;, line 461, in execute_steps&#10;    assert False, message">
<![CDATA[
Failing step: Given tengo productos en el carrito ... failed in 10.820s
Location: features/carrito_compra.feature:12
Assertion Failed: FAILED SUB-STEP: Given un usuario autenticado
Substep info: Assertion Failed: ERROR SUB-STEP: When intento iniciar sesión con usuario y contraseña correctos
Substep info: Traceback (most recent call last):
  File "C:\Users\Sumir\source\repos\ferremas\venv\Lib\site-packages\behave\model.py", line 1909, in run
    match.run(runner.context)
  File "C:\Users\Sumir\source\repos\ferremas\venv\Lib\site-packages\behave\matchers.py", line 104, in run
    self.func(context, *args, **kwargs)
  File "features\steps\steps_auth.py", line 50, in step_impl
    btn = context.wait.until(
          ^^^^^^^^^^^^^^^^^^^
  File "C:\Users\Sumir\source\repos\ferremas\venv\Lib\site-packages\selenium\webdriver\support\wait.py", line 138, in until
    raise TimeoutException(message, screen, stacktrace)
selenium.common.exceptions.TimeoutException: Message: 


Traceback (of failed substep):
  File "C:\Users\Sumir\source\repos\ferremas\venv\Lib\site-packages\behave\model.py", line 1909, in run
    match.run(runner.context)
  File "C:\Users\Sumir\source\repos\ferremas\venv\Lib\site-packages\behave\matchers.py", line 104, in run
    self.func(context, *args, **kwargs)
  File "features\steps\steps_auth.py", line 50, in step_impl
    btn = context.wait.until(
          ^^^^^^^^^^^^^^^^^^^
  File "C:\Users\Sumir\source\repos\ferremas\venv\Lib\site-packages\selenium\webdriver\support\wait.py", line 138, in until
    raise TimeoutException(message, screen, stacktrace)

Traceback (of failed substep):
  File "C:\Users\Sumir\source\repos\ferremas\venv\Lib\site-packages\behave\model.py", line 1909, in run
    match.run(runner.context)
  File "C:\Users\Sumir\source\repos\ferremas\venv\Lib\site-packages\behave\matchers.py", line 104, in run
    self.func(context, *args, **kwargs)
  File "features\steps\steps_carrito.py", line 10, in step_impl
    context.execute_steps('''
  File "C:\Users\Sumir\source\repos\ferremas\venv\Lib\site-packages\behave\runner.py", line 461, in execute_steps
    assert False, message

Captured stdout:
Error durante el login: Message: 

URL actual: http://localhost:8000/login/]]>
</failure><system-out>
<![CDATA[
@scenario.begin
  Scenario: Realizar compra completa
    Given existe un servidor de pruebas ... passed in 0.000s
    Given tengo productos en el carrito ... failed in 10.820s
    When procedo al pago y confirmo la compra ... skipped in 0.000s
    Then la compra debe quedar registrada y mostrar una confirmación ... skipped in 0.000s

@scenario.end
--------------------------------------------------------------------------------

Captured stdout:
Error durante el login: Message: 

URL actual: http://localhost:8000/login/

]]>
</system-out></testcase></testsuite>