<testsuite name="usuarios.Gestión de Usuarios en Ferremás" tests="8" errors="0" failures="0" skipped="0" time="63.588868" timestamp="2025-11-27T21:43:11.263565" hostname="Anette"><testcase classname="usuarios.Gestión de Usuarios en Ferremás" name="Acceder al panel de gestión de usuarios" status="passed" time="3.618837"><system-out>
<![CDATA[
@scenario.begin
  Escenario: Acceder al panel de gestión de usuarios
    Dado que el sistema Ferremás está iniciado ... passed in 1.624s
    Y estoy en la página de login ... passed in 0.046s
    Y me autentico como administrador con usuario "admin_test" y contraseña "empanada" ... passed in 0.784s
    Cuando navego hacia el panel de administración principal ... passed in 0.003s
    Y selecciono la opción de menú lateral "Usuarios" ... passed in 1.117s
    Entonces debo ver la página "Gestión de Usuarios" ... passed in 0.015s
    Y debo ver el botón "Crear usuario" ... passed in 0.012s
    Y debo ver la tabla de usuarios existentes ... passed in 0.019s

@scenario.end
--------------------------------------------------------------------------------
]]>
</system-out></testcase><testcase classname="usuarios.Gestión de Usuarios en Ferremás" name="Crear un nuevo usuario con rol Bodeguero exitosamente" status="passed" time="6.045442"><system-out>
<![CDATA[
@scenario.begin
  Escenario: Crear un nuevo usuario con rol Bodeguero exitosamente
    Dado que el sistema Ferremás está iniciado ... passed in 1.331s
    Y estoy en la página de login ... passed in 0.049s
    Y me autentico como administrador con usuario "admin_test" y contraseña "empanada" ... passed in 0.716s
    Dado que estoy en el panel de gestión de usuarios ... passed in 0.084s
    Cuando activo el área de formulario para crear usuario ... passed in 0.024s
    Y relleno los siguientes datos para el nuevo usuario: ... passed in 2.535s
      | campo      | valor              |
      | username   | jperez             |
      | first_name | Juan               |
      | last_name  | Pérez              |
      | email      | jperez@ferremas.cl |
      | password1  | Bodega2024!        |
      | password2  | Bodega2024!        |
      | group      | Bodeguero          |
    Y presiono el botón general con texto "Crear usuario" ... passed in 1.251s
    Y el usuario "jperez" debe aparecer en la lista de usuarios ... passed in 0.039s
    Y el usuario "jperez" debe tener el rol "Bodeguero" ... passed in 0.016s

@scenario.end
--------------------------------------------------------------------------------
]]>
</system-out></testcase><testcase classname="usuarios.Gestión de Usuarios en Ferremás" name="Intentar crear usuario con nombre de usuario duplicado" status="passed" time="3.497422"><system-out>
<![CDATA[
@scenario.begin
  Escenario: Intentar crear usuario con nombre de usuario duplicado
    Dado que el sistema Ferremás está iniciado ... passed in 0.954s
    Y estoy en la página de login ... passed in 0.046s
    Y me autentico como administrador con usuario "admin_test" y contraseña "empanada" ... passed in 0.818s
    Dado que existe un usuario con username "mtorres" ... passed in 0.006s
    Y estoy en el panel de gestión de usuarios ... passed in 0.077s
    Cuando activo el área de formulario para crear usuario ... passed in 0.024s
    Y ingreso manualmente el username "mtorres" en el campo correspondiente ... passed in 0.053s
    Y completo todos los campos obligatorios con valores genéricos ... passed in 0.248s
    Y presiono el botón general con texto "Crear usuario" ... passed in 1.248s
    Entonces debo ver el mensaje de error "Ya existe un usuario con ese nombre" ... passed in 0.015s
    Y el formulario debe resaltar el campo "username" en rojo ... passed in 0.008s

@scenario.end
--------------------------------------------------------------------------------
]]>
</system-out></testcase><testcase classname="usuarios.Gestión de Usuarios en Ferremás" name="Eliminar un usuario del sistema con confirmación" status="passed" time="4.309137"><system-out>
<![CDATA[
@scenario.begin
  Escenario: Eliminar un usuario del sistema con confirmación
    Dado que el sistema Ferremás está iniciado ... passed in 0.892s
    Y estoy en la página de login ... passed in 0.068s
    Y me autentico como administrador con usuario "admin_test" y contraseña "empanada" ... passed in 0.871s
    Dado que existe un usuario con nombre "María González" en el sistema ... passed in 0.483s
    Y estoy en el panel de gestión de usuarios ... passed in 0.084s
    Cuando busco visualmente al usuario registrado "mgonzalez" en la tabla ... passed in 0.058s
    Y presiono el botón de eliminación del usuario actualmente registrado ... passed in 0.763s
    Entonces debo ver un diálogo de confirmación con el texto "¿Seguro que quieres eliminar este usuario?" ... passed in 0.005s
    Cuando confirmo la acción de eliminación mediante el diálogo emergente ... passed in 1.040s
    Entonces debo ver el mensaje "Usuario eliminado correctamente" ... passed in 0.015s
    Y el usuario "mgonzalez" no debe aparecer en la lista ... passed in 0.030s

@scenario.end
--------------------------------------------------------------------------------
]]>
</system-out></testcase><testcase classname="usuarios.Gestión de Usuarios en Ferremás" name="Modificar información de usuario existente" status="passed" time="20.036691"><system-out>
<![CDATA[
@scenario.begin
  Escenario: Modificar información de usuario existente
    Dado que el sistema Ferremás está iniciado ... passed in 16.051s
    Y estoy en la página de login ... passed in 0.352s
    Y me autentico como administrador con usuario "admin_test" y contraseña "empanada" ... passed in 0.867s
    Dado que existe un usuario "atflores" con rol "Vendedor" ... passed in 0.001s
    Y estoy en el panel de gestión de usuarios ... passed in 0.063s
    Cuando accedo al modo de edición del usuario con username "atflores" ... passed in 1.303s
    Entonces debo ver el formulario de edición con datos precargados ... passed in 0.020s
    Cuando modifico el campo de email a la dirección "ana.flores@ferremas.cl" ... passed in 0.047s
    Y actualizo el rol del usuario al valor "Contador" ... passed in 0.060s
    Y presiono el botón general con texto "Guardar cambios" ... passed in 1.247s
    Entonces debo ver el mensaje "Usuario editado exitosamente con rol: Contador" ... passed in 0.020s
    Y debo ser redirigido al panel de usuarios ... passed in 0.006s
    Y el usuario "atflores" debe tener el email "ana.flores@ferremas.cl" ... passed in 0.001s

@scenario.end
--------------------------------------------------------------------------------
]]>
</system-out></testcase><testcase classname="usuarios.Gestión de Usuarios en Ferremás" name="Validar que las contraseñas coinciden al crear usuario" status="passed" time="3.637144"><system-out>
<![CDATA[
@scenario.begin
  Escenario: Validar que las contraseñas coinciden al crear usuario
    Dado que el sistema Ferremás está iniciado ... passed in 0.969s
    Y estoy en la página de login ... passed in 0.048s
    Y me autentico como administrador con usuario "admin_test" y contraseña "empanada" ... passed in 0.835s
    Dado que estoy en el panel de gestión de usuarios ... passed in 0.082s
    Cuando intento crear un usuario usando contraseñas distintas ... passed in 0.414s
      | campo      | valor              |
      | username   | plopez             |
      | first_name | Pedro              |
      | last_name  | López              |
      | email      | plopez@ferremas.cl |
      | password1  | Test2024!          |
      | password2  | Test2025!          |
      | group      | Vendedor           |
    Y presiono el botón general con texto "Crear usuario" ... passed in 1.264s
    Entonces debo ver el mensaje de error "Las contraseñas no coinciden" ... passed in 0.016s
    Y el campo "password2" debe resaltarse en rojo ... passed in 0.009s
    Y el usuario no debe crearse en la base de datos ... passed in 0.001s

@scenario.end
--------------------------------------------------------------------------------
]]>
</system-out></testcase><testcase classname="usuarios.Gestión de Usuarios en Ferremás" name="Verificar que los roles del sistema están disponibles" status="passed" time="2.595725"><system-out>
<![CDATA[
@scenario.begin
  Escenario: Verificar que los roles del sistema están disponibles
    Dado que el sistema Ferremás está iniciado ... passed in 1.462s
    Y estoy en la página de login ... passed in 0.050s
    Y me autentico como administrador con usuario "admin_test" y contraseña "empanada" ... passed in 0.910s
    Dado que estoy en el panel de gestión de usuarios ... passed in 0.072s
    Cuando inspecciono el campo desplegable de selección de "Rol" ... passed in 0.054s
    Entonces debo ver las siguientes opciones de rol: ... passed in 0.048s
      | rol       |
      | Bodeguero |
      | Vendedor  |
      | Contador  |

@scenario.end
--------------------------------------------------------------------------------
]]>
</system-out></testcase><testcase classname="usuarios.Gestión de Usuarios en Ferremás" name="Actualizar datos de usuario sin modificar contraseña" status="passed" time="19.848471"><system-out>
<![CDATA[
@scenario.begin
  Escenario: Actualizar datos de usuario sin modificar contraseña
    Dado que el sistema Ferremás está iniciado ... passed in 5.585s
    Y estoy en la página de login ... passed in 0.044s
    Y me autentico como administrador con usuario "admin_test" y contraseña "empanada" ... passed in 0.931s
    Dado que existe un usuario "rcastro" en el sistema ... passed in 0.001s
    Y estoy en el panel de gestión de usuarios ... passed in 0.068s
    Cuando accedo al modo de edición del usuario con username "rcastro" ... passed in 1.316s
    Y cambio únicamente el campo "first_name" asignándole el valor "Roberto" ... passed in 0.047s
    Y dejo intencionadamente los campos de contraseña vacíos ... passed in 0.041s
    Y presiono el botón general con texto "Guardar cambios" ... passed in 1.250s
    Entonces debo ver el mensaje de éxito ... passed in 10.050s
    Y el usuario debe poder iniciar sesión con su contraseña anterior ... passed in 0.514s

@scenario.end
--------------------------------------------------------------------------------
]]>
</system-out></testcase></testsuite>